[2025-04-15 07:14:43] 📤 Отправка OTP
[2025-04-15 07:14:43] Телефон: 992906339497
[2025-04-15 07:14:43] Сообщение: Ваш код для входа в приложение osonhona: 181912
[2025-04-15 07:14:43] 📥 Ответ от сервера: {"status":"ok","data":{"status":"ok","timestamp":"2025-04-15 12:14:14","txn_id":"67fe0763091fb","msg_id":152071156,"smsc_msg_id":"+17BAE951","smsc_msg_status":"success","smsc_msg_parts":1}}
[2025-04-15 07:14:43] ✅ Успешно отправлено!
[2025-04-15 07:14:43] 📌 Статус обновлён на 1, ID: +17BAE951
[2025-04-15 07:14:43] --------------------------------------------------------------------------------
[2025-04-15 09:33:48] 📤 Отправка OTP
[2025-04-15 09:33:48] Телефон: 992908774767
[2025-04-15 09:33:48] Сообщение: Ваш код для входа в приложение osonhona: 581358
[2025-04-15 09:33:49] 📥 Ответ от сервера: {"status":"ok","data":{"status":"ok","timestamp":"2025-04-15 14:33:20","txn_id":"67fe27fccbc48","msg_id":152144422,"smsc_msg_id":"+187CBBE1","smsc_msg_status":"success","smsc_msg_parts":1}}
[2025-04-15 09:33:49] ✅ Успешно отправлено!
[2025-04-15 09:33:49] 📌 Статус обновлён на 1, ID: +187CBBE1
[2025-04-15 09:33:49] --------------------------------------------------------------------------------
[2025-04-15 09:36:04] 📤 Отправка OTP
[2025-04-15 09:36:04] Телефон: 992908774767
[2025-04-15 09:36:04] Сообщение: Ваш код для входа в приложение osonhona: 161996
[2025-04-15 09:36:05] 📥 Ответ от сервера: {"status":"ok","data":{"status":"ok","timestamp":"2025-04-15 14:35:36","txn_id":"67fe2884a0d9c","msg_id":152145519,"smsc_msg_id":"+187F9841","smsc_msg_status":"success","smsc_msg_parts":1}}
[2025-04-15 09:36:05] ✅ Успешно отправлено!
[2025-04-15 09:36:05] 📌 Статус обновлён на 1, ID: +187F9841
[2025-04-15 09:36:05] --------------------------------------------------------------------------------
