[2025-05-04 12:06:51] 📤 Отправка OTP
[2025-05-04 12:06:51] Телефон: 992908774767
[2025-05-04 12:06:51] Сообщение: Ваш код для входа в приложение osonhona: 946529
[2025-05-04 12:06:52] 📥 Ответ от сервера: {"status":"ok","data":{"status":"ok","timestamp":"2025-05-04 17:06:16","txn_id":"6817585bdb3d2","msg_id":155909319,"smsc_msg_id":"+713ABC91","smsc_msg_status":"success","smsc_msg_parts":1}}
[2025-05-04 12:06:52] ✅ Успешно отправлено!
[2025-05-04 12:06:52] 📌 Статус обновлён на 1, ID: +713ABC91
[2025-05-04 12:06:52] --------------------------------------------------------------------------------
[2025-05-04 14:07:23] 📤 Отправка OTP
[2025-05-04 14:07:23] Телефон: 992112331999
[2025-05-04 14:07:23] Сообщение: Ваш код для входа в приложение osonhona: 872052
[2025-05-04 14:07:24] 📥 Ответ от сервера: {"status":"ok","data":{"status":"ok","timestamp":"2025-05-04 19:06:48","txn_id":"6817749bc5cbf","msg_id":155920906,"smsc_msg_id":"+71AFD941","smsc_msg_status":"success","smsc_msg_parts":1}}
[2025-05-04 14:07:24] ✅ Успешно отправлено!
[2025-05-04 14:07:24] 📌 Статус обновлён на 1, ID: +71AFD941
[2025-05-04 14:07:24] --------------------------------------------------------------------------------
[2025-05-04 14:24:43] 📤 Отправка OTP
[2025-05-04 14:24:43] Телефон: 992112331999
[2025-05-04 14:24:43] Сообщение: Ваш код для входа в приложение osonhona: 441970
[2025-05-04 14:24:43] 📥 Ответ от сервера: {"status":"ok","data":{"status":"ok","timestamp":"2025-05-04 19:24:07","txn_id":"681778ab34986","msg_id":155922726,"smsc_msg_id":"+71C1AC81","smsc_msg_status":"success","smsc_msg_parts":1}}
[2025-05-04 14:24:43] ✅ Успешно отправлено!
[2025-05-04 14:24:43] 📌 Статус обновлён на 1, ID: +71C1AC81
[2025-05-04 14:24:43] --------------------------------------------------------------------------------
