[2025-04-13 09:33:28] 📤 Отправка OTP
[2025-04-13 09:33:28] Телефон: 992900908008
[2025-04-13 09:33:28] Код: 613774
[2025-04-13 09:33:29] 📥 Ответ от сервера: {"status":"ok","data":{"status":"ok","timestamp":"2025-04-13 14:33:00","txn_id":"67fb84e85324a","msg_id":151555790,"smsc_msg_id":"+005B41F2","smsc_msg_status":"success","smsc_msg_parts":1}}
[2025-04-13 09:33:29] ✅ Успешно отправлено!
[2025-04-13 09:33:29] 📌 Статус обновлён на 1, ID: +005B41F2
[2025-04-13 09:33:29] --------------------------------------------------------------------------------
[2025-04-13 09:34:50] 📤 Отправка OTP
[2025-04-13 09:34:50] Телефон: 992112331999
[2025-04-13 09:34:50] Код: 364506
[2025-04-13 09:34:50] 📥 Ответ от сервера: {"status":"ok","data":{"status":"ok","timestamp":"2025-04-13 14:34:22","txn_id":"67fb853a24c40","msg_id":151555930,"smsc_msg_id":"+0E765421","smsc_msg_status":"success","smsc_msg_parts":1}}
[2025-04-13 09:34:50] ✅ Успешно отправлено!
[2025-04-13 09:34:50] 📌 Статус обновлён на 1, ID: +0E765421
[2025-04-13 09:34:50] --------------------------------------------------------------------------------
[2025-04-13 09:40:05] 📤 Отправка OTP
[2025-04-13 09:40:05] Телефон: 992927154444
[2025-04-13 09:40:05] Код: 144617
[2025-04-13 09:40:06] 📥 Ответ от сервера: {"status":"ok","data":{"status":"ok","timestamp":"2025-04-13 14:39:38","txn_id":"67fb8675f2616","msg_id":151556581,"smsc_msg_id":"+00619E52","smsc_msg_status":"success","smsc_msg_parts":1}}
[2025-04-13 09:40:06] ✅ Успешно отправлено!
[2025-04-13 09:40:06] 📌 Статус обновлён на 1, ID: +00619E52
[2025-04-13 09:40:06] --------------------------------------------------------------------------------
[2025-04-13 09:48:08] 📤 Отправка OTP
[2025-04-13 09:48:08] Телефон: 992908774767
[2025-04-13 09:48:08] Код: 798415
[2025-04-13 09:48:56] 📤 Отправка OTP
[2025-04-13 09:48:56] Телефон: 992908774767
[2025-04-13 09:48:56] Код: 798415
[2025-04-13 09:48:57] 📥 Ответ от сервера: {"status":"ok","data":{"status":"ok","timestamp":"2025-04-13 14:48:28","txn_id":"67fb88885cfd5","msg_id":151557532,"smsc_msg_id":"+0E82E811","smsc_msg_status":"success","smsc_msg_parts":1}}
[2025-04-13 09:48:57] ✅ Успешно отправлено!
[2025-04-13 09:48:57] 📌 Статус обновлён на 1, ID: +0E82E811
[2025-04-13 09:48:57] --------------------------------------------------------------------------------
[2025-04-13 09:50:12] 📤 Отправка OTP
[2025-04-13 09:50:12] Телефон: 992900908008
[2025-04-13 09:50:12] Код: 105047
[2025-04-13 09:50:13] 📥 Ответ от сервера: {"status":"ok","data":{"status":"ok","timestamp":"2025-04-13 14:49:44","txn_id":"67fb88d424496","msg_id":151557679,"smsc_msg_id":"+006B4BB2","smsc_msg_status":"success","smsc_msg_parts":1}}
[2025-04-13 09:50:13] ✅ Успешно отправлено!
[2025-04-13 09:50:13] 📌 Статус обновлён на 1, ID: +006B4BB2
[2025-04-13 09:50:13] --------------------------------------------------------------------------------
[2025-04-13 11:30:17] 📤 Отправка OTP
[2025-04-13 11:30:17] Телефон: 992908774767
[2025-04-13 11:30:17] Сообщение: Ваш код для входа в приложение osonhona: 566168
[2025-04-13 11:30:18] 📥 Ответ от сервера: {"status":"ok","data":{"status":"ok","timestamp":"2025-04-13 16:29:49","txn_id":"67fba04951c66","msg_id":151569956,"smsc_msg_id":"+0EDF3E51","smsc_msg_status":"success","smsc_msg_parts":1}}
[2025-04-13 11:30:18] ✅ Успешно отправлено!
[2025-04-13 11:30:18] 📌 Статус обновлён на 1, ID: +0EDF3E51
[2025-04-13 11:30:18] --------------------------------------------------------------------------------
[2025-04-13 11:30:54] 📤 Отправка OTP
[2025-04-13 11:30:54] Телефон: 992112331999
[2025-04-13 11:30:54] Сообщение: Ваш код для входа в приложение osonhona: 827934
[2025-04-13 11:30:54] 📥 Ответ от сервера: {"status":"ok","data":{"status":"ok","timestamp":"2025-04-13 16:30:26","txn_id":"67fba06e1011e","msg_id":151570043,"smsc_msg_id":"+0EDFD591","smsc_msg_status":"success","smsc_msg_parts":1}}
[2025-04-13 11:30:54] ✅ Успешно отправлено!
[2025-04-13 11:30:54] 📌 Статус обновлён на 1, ID: +0EDFD591
[2025-04-13 11:30:54] --------------------------------------------------------------------------------
